# JRE version: OpenJDK Runtime Environment (7.0_79-b14) (build 1.7.0_79-b14)
# Java VM: OpenJDK 64-Bit Server VM (24.79-b02 mixed mode linux-amd64 compressed oops)
Heap
 PSYoungGen      total 61952K, used 47083K [0x00000000ebe80000, 0x00000000f8800000, 0x0000000100000000)
  eden space 61440K, 76% used [0x00000000ebe80000,0x00000000eec7aee0,0x00000000efa80000)
  from space 512K, 0% used [0x00000000f8780000,0x00000000f8780000,0x00000000f8800000)
  to   space 2048K, 0% used [0x00000000f8400000,0x00000000f8400000,0x00000000f8600000)
 ParOldGen       total 40960K, used 27443K [0x00000000c3c00000, 0x00000000c6400000, 0x00000000ebe80000)
  object space 40960K, 66% used [0x00000000c3c00000,0x00000000c56ccc58,0x00000000c6400000)
 PSPermGen       total 27136K, used 27024K [0x00000000b9600000, 0x00000000bb080000, 0x00000000c3c00000)
  object space 27136K, 99% used [0x00000000b9600000,0x00000000bb064310,0x00000000bb080000)
GC Heap History (10 events):
Event: 33,731 GC heap before
{Heap before GC invocations=42 (full 0):
 PSYoungGen      total 60928K, used 57856K [0x00000000ebe80000, 0x00000000f8e00000, 0x0000000100000000)
  eden space 57856K, 100% used [0x00000000ebe80000,0x00000000ef700000,0x00000000ef700000)
  from space 3072K, 0% used [0x00000000f8800000,0x00000000f8800000,0x00000000f8b00000)
  to   space 3072K, 0% used [0x00000000f8b00000,0x00000000f8b00000,0x00000000f8e00000)
 ParOldGen       total 40960K, used 27443K [0x00000000c3c00000, 0x00000000c6400000, 0x00000000ebe80000)
  object space 40960K, 66% used [0x00000000c3c00000,0x00000000c56ccc58,0x00000000c6400000)
 PSPermGen       total 27136K, used 27013K [0x00000000b9600000, 0x00000000bb080000, 0x00000000c3c00000)
  object space 27136K, 99% used [0x00000000b9600000,0x00000000bb0617e0,0x00000000bb080000)
Event: 33,732 GC heap after
Heap after GC invocations=42 (full 0):
 PSYoungGen      total 56320K, used 0K [0x00000000ebe80000, 0x00000000f8b80000, 0x0000000100000000)
  eden space 55808K, 0% used [0x00000000ebe80000,0x00000000ebe80000,0x00000000ef500000)
  from space 512K, 0% used [0x00000000f8b00000,0x00000000f8b00000,0x00000000f8b80000)
  to   space 2560K, 0% used [0x00000000f8680000,0x00000000f8680000,0x00000000f8900000)
 ParOldGen       total 40960K, used 27443K [0x00000000c3c00000, 0x00000000c6400000, 0x00000000ebe80000)
  object space 40960K, 66% used [0x00000000c3c00000,0x00000000c56ccc58,0x00000000c6400000)
 PSPermGen       total 27136K, used 27013K [0x00000000b9600000, 0x00000000bb080000, 0x00000000c3c00000)
  object space 27136K, 99% used [0x00000000b9600000,0x00000000bb0617e0,0x00000000bb080000)
}
Event: 33,972 GC heap before
{Heap before GC invocations=43 (full 0):
 PSYoungGen      total 56320K, used 55808K [0x00000000ebe80000, 0x00000000f8b80000, 0x0000000100000000)
  eden space 55808K, 100% used [0x00000000ebe80000,0x00000000ef500000,0x00000000ef500000)
  from space 512K, 0% used [0x00000000f8b00000,0x00000000f8b00000,0x00000000f8b80000)
  to   space 2560K, 0% used [0x00000000f8680000,0x00000000f8680000,0x00000000f8900000)
 ParOldGen       total 40960K, used 27443K [0x00000000c3c00000, 0x00000000c6400000, 0x00000000ebe80000)
  object space 40960K, 66% used [0x00000000c3c00000,0x00000000c56ccc58,0x00000000c6400000)
 PSPermGen       total 27136K, used 27013K [0x00000000b9600000, 0x00000000bb080000, 0x00000000c3c00000)
  object space 27136K, 99% used [0x00000000b9600000,0x00000000bb0617e0,0x00000000bb080000)
Event: 33,974 GC heap after
Heap after GC invocations=43 (full 0):
 PSYoungGen      total 56320K, used 0K [0x00000000ebe80000, 0x00000000f8b80000, 0x0000000100000000)
  eden space 53760K, 0% used [0x00000000ebe80000,0x00000000ebe80000,0x00000000ef300000)
  from space 2560K, 0% used [0x00000000f8680000,0x00000000f8680000,0x00000000f8900000)
  to   space 2560K, 0% used [0x00000000f8900000,0x00000000f8900000,0x00000000f8b80000)
 ParOldGen       total 40960K, used 27443K [0x00000000c3c00000, 0x00000000c6400000, 0x00000000ebe80000)
  object space 40960K, 66% used [0x00000000c3c00000,0x00000000c56ccc58,0x00000000c6400000)
 PSPermGen       total 27136K, used 27013K [0x00000000b9600000, 0x00000000bb080000, 0x00000000c3c00000)
  object space 27136K, 99% used [0x00000000b9600000,0x00000000bb0617e0,0x00000000bb080000)
}
Event: 34,206 GC heap before
{Heap before GC invocations=44 (full 0):
 PSYoungGen      total 56320K, used 53760K [0x00000000ebe80000, 0x00000000f8b80000, 0x0000000100000000)
  eden space 53760K, 100% used [0x00000000ebe80000,0x00000000ef300000,0x00000000ef300000)
  from space 2560K, 0% used [0x00000000f8680000,0x00000000f8680000,0x00000000f8900000)
  to   space 2560K, 0% used [0x00000000f8900000,0x00000000f8900000,0x00000000f8b80000)
 ParOldGen       total 40960K, used 27443K [0x00000000c3c00000, 0x00000000c6400000, 0x00000000ebe80000)
  object space 40960K, 66% used [0x00000000c3c00000,0x00000000c56ccc58,0x00000000c6400000)
 PSPermGen       total 27136K, used 27013K [0x00000000b9600000, 0x00000000bb080000, 0x00000000c3c00000)
  object space 27136K, 99% used [0x00000000b9600000,0x00000000bb0617e0,0x00000000bb080000)
Event: 34,207 GC heap after
Heap after GC invocations=44 (full 0):
 PSYoungGen      total 52224K, used 0K [0x00000000ebe80000, 0x00000000f8980000, 0x0000000100000000)
  eden space 51712K, 0% used [0x00000000ebe80000,0x00000000ebe80000,0x00000000ef100000)
  from space 512K, 0% used [0x00000000f8900000,0x00000000f8900000,0x00000000f8980000)
  to   space 2048K, 0% used [0x00000000f8580000,0x00000000f8580000,0x00000000f8780000)
 ParOldGen       total 40960K, used 27443K [0x00000000c3c00000, 0x00000000c6400000, 0x00000000ebe80000)
  object space 40960K, 66% used [0x00000000c3c00000,0x00000000c56ccc58,0x00000000c6400000)
 PSPermGen       total 27136K, used 27013K [0x00000000b9600000, 0x00000000bb080000, 0x00000000c3c00000)
  object space 27136K, 99% used [0x00000000b9600000,0x00000000bb0617e0,0x00000000bb080000)
}
Event: 34,427 GC heap before
{Heap before GC invocations=45 (full 0):
 PSYoungGen      total 52224K, used 51712K [0x00000000ebe80000, 0x00000000f8980000, 0x0000000100000000)
  eden space 51712K, 100% used [0x00000000ebe80000,0x00000000ef100000,0x00000000ef100000)
  from space 512K, 0% used [0x00000000f8900000,0x00000000f8900000,0x00000000f8980000)
  to   space 2048K, 0% used [0x00000000f8580000,0x00000000f8580000,0x00000000f8780000)
 ParOldGen       total 40960K, used 27443K [0x00000000c3c00000, 0x00000000c6400000, 0x00000000ebe80000)
  object space 40960K, 66% used [0x00000000c3c00000,0x00000000c56ccc58,0x00000000c6400000)
 PSPermGen       total 27136K, used 27013K [0x00000000b9600000, 0x00000000bb080000, 0x00000000c3c00000)
  object space 27136K, 99% used [0x00000000b9600000,0x00000000bb0617e0,0x00000000bb080000)
Event: 34,428 GC heap after
Heap after GC invocations=45 (full 0):
 PSYoungGen      total 52224K, used 0K [0x00000000ebe80000, 0x00000000f8980000, 0x0000000100000000)
  eden space 50176K, 0% used [0x00000000ebe80000,0x00000000ebe80000,0x00000000eef80000)
  from space 2048K, 0% used [0x00000000f8580000,0x00000000f8580000,0x00000000f8780000)
  to   space 2048K, 0% used [0x00000000f8780000,0x00000000f8780000,0x00000000f8980000)
 ParOldGen       total 40960K, used 27443K [0x00000000c3c00000, 0x00000000c6400000, 0x00000000ebe80000)
  object space 40960K, 66% used [0x00000000c3c00000,0x00000000c56ccc58,0x00000000c6400000)
 PSPermGen       total 27136K, used 27013K [0x00000000b9600000, 0x00000000bb080000, 0x00000000c3c00000)
  object space 27136K, 99% used [0x00000000b9600000,0x00000000bb0617e0,0x00000000bb080000)
}
Event: 34,660 GC heap before
{Heap before GC invocations=46 (full 0):
 PSYoungGen      total 52224K, used 50176K [0x00000000ebe80000, 0x00000000f8980000, 0x0000000100000000)
  eden space 50176K, 100% used [0x00000000ebe80000,0x00000000eef80000,0x00000000eef80000)
  from space 2048K, 0% used [0x00000000f8580000,0x00000000f8580000,0x00000000f8780000)
  to   space 2048K, 0% used [0x00000000f8780000,0x00000000f8780000,0x00000000f8980000)
 ParOldGen       total 40960K, used 27443K [0x00000000c3c00000, 0x00000000c6400000, 0x00000000ebe80000)
  object space 40960K, 66% used [0x00000000c3c00000,0x00000000c56ccc58,0x00000000c6400000)
 PSPermGen       total 27136K, used 27013K [0x00000000b9600000, 0x00000000bb080000, 0x00000000c3c00000)
  object space 27136K, 99% used [0x00000000b9600000,0x00000000bb0617e0,0x00000000bb080000)
Event: 34,690 GC heap after
Heap after GC invocations=46 (full 0):
 PSYoungGen      total 61952K, used 0K [0x00000000ebe80000, 0x00000000f8800000, 0x0000000100000000)
  eden space 61440K, 0% used [0x00000000ebe80000,0x00000000ebe80000,0x00000000efa80000)
  from space 512K, 0% used [0x00000000f8780000,0x00000000f8780000,0x00000000f8800000)
  to   space 2048K, 0% used [0x00000000f8400000,0x00000000f8400000,0x00000000f8600000)
 ParOldGen       total 40960K, used 27443K [0x00000000c3c00000, 0x00000000c6400000, 0x00000000ebe80000)
  object space 40960K, 66% used [0x00000000c3c00000,0x00000000c56ccc58,0x00000000c6400000)
 PSPermGen       total 27136K, used 27013K [0x00000000b9600000, 0x00000000bb080000, 0x00000000c3c00000)
  object space 27136K, 99% used [0x00000000b9600000,0x00000000bb0617e0,0x00000000bb080000)
}

