# JRE version: OpenJDK Runtime Environment (7.0_79-b14) (build 1.7.0_79-b14)
# Java VM: OpenJDK 64-Bit Server VM (24.79-b02 mixed mode linux-amd64 compressed oops)
Heap
 PSYoungGen      total 189440K, used 54960K [0x00000000ebe80000, 0x00000000ff380000, 0x0000000100000000)
  eden space 79872K, 68% used [0x00000000ebe80000,0x00000000ef42c138,0x00000000f0c80000)
  from space 109568K, 0% used [0x00000000f0c80000,0x00000000f0c80000,0x00000000f7780000)
  to   space 109568K, 0% used [0x00000000f8880000,0x00000000f8880000,0x00000000ff380000)
 ParOldGen       total 657920K, used 552440K [0x00000000c3c00000, 0x00000000ebe80000, 0x00000000ebe80000)
  object space 657920K, 83% used [0x00000000c3c00000,0x00000000e577e1f8,0x00000000ebe80000)
 PSPermGen       total 47104K, used 25027K [0x00000000b9600000, 0x00000000bc400000, 0x00000000c3c00000)
  object space 47104K, 53% used [0x00000000b9600000,0x00000000bae70f50,0x00000000bc400000)
GC Heap History (10 events):
Event: 12,116 GC heap before
{Heap before GC invocations=17 (full 4):
 PSYoungGen      total 175104K, used 133235K [0x00000000ebe80000, 0x00000000fd880000, 0x0000000100000000)
  eden space 66048K, 100% used [0x00000000ebe80000,0x00000000eff00000,0x00000000eff00000)
  from space 109056K, 61% used [0x00000000f6a00000,0x00000000fab9cc40,0x00000000fd480000)
  to   space 109568K, 0% used [0x00000000eff00000,0x00000000eff00000,0x00000000f6a00000)
 ParOldGen       total 378880K, used 295188K [0x00000000c3c00000, 0x00000000dae00000, 0x00000000ebe80000)
  object space 378880K, 77% used [0x00000000c3c00000,0x00000000d5c45258,0x00000000dae00000)
 PSPermGen       total 51712K, used 25003K [0x00000000b9600000, 0x00000000bc880000, 0x00000000c3c00000)
  object space 51712K, 48% used [0x00000000b9600000,0x00000000bae6ac88,0x00000000bc880000)
Event: 13,543 GC heap after
Heap after GC invocations=17 (full 4):
 PSYoungGen      total 175616K, used 62272K [0x00000000ebe80000, 0x00000000fe480000, 0x0000000100000000)
  eden space 66048K, 0% used [0x00000000ebe80000,0x00000000ebe80000,0x00000000eff00000)
  from space 109568K, 56% used [0x00000000eff00000,0x00000000f3bd0000,0x00000000f6a00000)
  to   space 109568K, 0% used [0x00000000f7980000,0x00000000f7980000,0x00000000fe480000)
 ParOldGen       total 378880K, used 362660K [0x00000000c3c00000, 0x00000000dae00000, 0x00000000ebe80000)
  object space 378880K, 95% used [0x00000000c3c00000,0x00000000d9e29258,0x00000000dae00000)
 PSPermGen       total 51712K, used 25003K [0x00000000b9600000, 0x00000000bc880000, 0x00000000c3c00000)
  object space 51712K, 48% used [0x00000000b9600000,0x00000000bae6ac88,0x00000000bc880000)
}
Event: 13,544 GC heap before
{Heap before GC invocations=18 (full 5):
 PSYoungGen      total 175616K, used 62272K [0x00000000ebe80000, 0x00000000fe480000, 0x0000000100000000)
  eden space 66048K, 0% used [0x00000000ebe80000,0x00000000ebe80000,0x00000000eff00000)
  from space 109568K, 56% used [0x00000000eff00000,0x00000000f3bd0000,0x00000000f6a00000)
  to   space 109568K, 0% used [0x00000000f7980000,0x00000000f7980000,0x00000000fe480000)
 ParOldGen       total 378880K, used 362660K [0x00000000c3c00000, 0x00000000dae00000, 0x00000000ebe80000)
  object space 378880K, 95% used [0x00000000c3c00000,0x00000000d9e29258,0x00000000dae00000)
 PSPermGen       total 51712K, used 25003K [0x00000000b9600000, 0x00000000bc880000, 0x00000000c3c00000)
  object space 51712K, 48% used [0x00000000b9600000,0x00000000bae6ac88,0x00000000bc880000)
Event: 15,854 GC heap after
Heap after GC invocations=18 (full 5):
 PSYoungGen      total 175616K, used 9988K [0x00000000ebe80000, 0x00000000fe480000, 0x0000000100000000)
  eden space 66048K, 0% used [0x00000000ebe80000,0x00000000ebe80000,0x00000000eff00000)
  from space 109568K, 9% used [0x00000000eff00000,0x00000000f08c12a0,0x00000000f6a00000)
  to   space 109568K, 0% used [0x00000000f7980000,0x00000000f7980000,0x00000000fe480000)
 ParOldGen       total 560128K, used 378493K [0x00000000c3c00000, 0x00000000e5f00000, 0x00000000ebe80000)
  object space 560128K, 67% used [0x00000000c3c00000,0x00000000dad9f4e0,0x00000000e5f00000)
 PSPermGen       total 49664K, used 25003K [0x00000000b9600000, 0x00000000bc680000, 0x00000000c3c00000)
  object space 49664K, 50% used [0x00000000b9600000,0x00000000bae6ac88,0x00000000bc680000)
}
Event: 16,437 GC heap before
{Heap before GC invocations=19 (full 5):
 PSYoungGen      total 175616K, used 76036K [0x00000000ebe80000, 0x00000000fe480000, 0x0000000100000000)
  eden space 66048K, 100% used [0x00000000ebe80000,0x00000000eff00000,0x00000000eff00000)
  from space 109568K, 9% used [0x00000000eff00000,0x00000000f08c12a0,0x00000000f6a00000)
  to   space 109568K, 0% used [0x00000000f7980000,0x00000000f7980000,0x00000000fe480000)
 ParOldGen       total 560128K, used 378493K [0x00000000c3c00000, 0x00000000e5f00000, 0x00000000ebe80000)
  object space 560128K, 67% used [0x00000000c3c00000,0x00000000dad9f4e0,0x00000000e5f00000)
 PSPermGen       total 49664K, used 25011K [0x00000000b9600000, 0x00000000bc680000, 0x00000000c3c00000)
  object space 49664K, 50% used [0x00000000b9600000,0x00000000bae6cf90,0x00000000bc680000)
Event: 16,720 GC heap after
Heap after GC invocations=19 (full 5):
 PSYoungGen      total 187392K, used 61856K [0x00000000ebe80000, 0x00000000fe280000, 0x0000000100000000)
  eden space 79872K, 0% used [0x00000000ebe80000,0x00000000ebe80000,0x00000000f0c80000)
  from space 107520K, 57% used [0x00000000f7980000,0x00000000fb5e8000,0x00000000fe280000)
  to   space 109568K, 0% used [0x00000000f0c80000,0x00000000f0c80000,0x00000000f7780000)
 ParOldGen       total 560128K, used 388533K [0x00000000c3c00000, 0x00000000e5f00000, 0x00000000ebe80000)
  object space 560128K, 69% used [0x00000000c3c00000,0x00000000db76d4e0,0x00000000e5f00000)
 PSPermGen       total 49664K, used 25011K [0x00000000b9600000, 0x00000000bc680000, 0x00000000c3c00000)
  object space 49664K, 50% used [0x00000000b9600000,0x00000000bae6cf90,0x00000000bc680000)
}
Event: 17,539 GC heap before
{Heap before GC invocations=20 (full 5):
 PSYoungGen      total 187392K, used 141728K [0x00000000ebe80000, 0x00000000fe280000, 0x0000000100000000)
  eden space 79872K, 100% used [0x00000000ebe80000,0x00000000f0c80000,0x00000000f0c80000)
  from space 107520K, 57% used [0x00000000f7980000,0x00000000fb5e8000,0x00000000fe280000)
  to   space 109568K, 0% used [0x00000000f0c80000,0x00000000f0c80000,0x00000000f7780000)
 ParOldGen       total 560128K, used 469657K [0x00000000c3c00000, 0x00000000e5f00000, 0x00000000ebe80000)
  object space 560128K, 83% used [0x00000000c3c00000,0x00000000e06a64a8,0x00000000e5f00000)
 PSPermGen       total 49664K, used 25013K [0x00000000b9600000, 0x00000000bc680000, 0x00000000c3c00000)
  object space 49664K, 50% used [0x00000000b9600000,0x00000000bae6d708,0x00000000bc680000)
Event: 17,915 GC heap after
Heap after GC invocations=20 (full 5):
 PSYoungGen      total 189440K, used 75328K [0x00000000ebe80000, 0x00000000ff380000, 0x0000000100000000)
  eden space 79872K, 0% used [0x00000000ebe80000,0x00000000ebe80000,0x00000000f0c80000)
  from space 109568K, 68% used [0x00000000f0c80000,0x00000000f5610000,0x00000000f7780000)
  to   space 109568K, 0% used [0x00000000f8880000,0x00000000f8880000,0x00000000ff380000)
 ParOldGen       total 560128K, used 531657K [0x00000000c3c00000, 0x00000000e5f00000, 0x00000000ebe80000)
  object space 560128K, 94% used [0x00000000c3c00000,0x00000000e43324a8,0x00000000e5f00000)
 PSPermGen       total 49664K, used 25013K [0x00000000b9600000, 0x00000000bc680000, 0x00000000c3c00000)
  object space 49664K, 50% used [0x00000000b9600000,0x00000000bae6d708,0x00000000bc680000)
}
Event: 17,915 GC heap before
{Heap before GC invocations=21 (full 6):
 PSYoungGen      total 189440K, used 75328K [0x00000000ebe80000, 0x00000000ff380000, 0x0000000100000000)
  eden space 79872K, 0% used [0x00000000ebe80000,0x00000000ebe80000,0x00000000f0c80000)
  from space 109568K, 68% used [0x00000000f0c80000,0x00000000f5610000,0x00000000f7780000)
  to   space 109568K, 0% used [0x00000000f8880000,0x00000000f8880000,0x00000000ff380000)
 ParOldGen       total 560128K, used 531657K [0x00000000c3c00000, 0x00000000e5f00000, 0x00000000ebe80000)
  object space 560128K, 94% used [0x00000000c3c00000,0x00000000e43324a8,0x00000000e5f00000)
 PSPermGen       total 49664K, used 25013K [0x00000000b9600000, 0x00000000bc680000, 0x00000000c3c00000)
  object space 49664K, 50% used [0x00000000b9600000,0x00000000bae6d708,0x00000000bc680000)
Event: 20,892 GC heap after
Heap after GC invocations=21 (full 6):
 PSYoungGen      total 189440K, used 0K [0x00000000ebe80000, 0x00000000ff380000, 0x0000000100000000)
  eden space 79872K, 0% used [0x00000000ebe80000,0x00000000ebe80000,0x00000000f0c80000)
  from space 109568K, 0% used [0x00000000f0c80000,0x00000000f0c80000,0x00000000f7780000)
  to   space 109568K, 0% used [0x00000000f8880000,0x00000000f8880000,0x00000000ff380000)
 ParOldGen       total 657920K, used 552440K [0x00000000c3c00000, 0x00000000ebe80000, 0x00000000ebe80000)
  object space 657920K, 83% used [0x00000000c3c00000,0x00000000e577e1f8,0x00000000ebe80000)
 PSPermGen       total 47104K, used 25013K [0x00000000b9600000, 0x00000000bc400000, 0x00000000c3c00000)
  object space 47104K, 53% used [0x00000000b9600000,0x00000000bae6d6e8,0x00000000bc400000)
}

