# JRE version: OpenJDK Runtime Environment (7.0_79-b14) (build 1.7.0_79-b14)
# Java VM: OpenJDK 64-Bit Server VM (24.79-b02 mixed mode linux-amd64 compressed oops)
Heap
 PSYoungGen      total 70144K, used 52092K [0x00000000ebe80000, 0x00000000f1380000, 0x0000000100000000)
  eden space 59392K, 69% used [0x00000000ebe80000,0x00000000ee6e6f80,0x00000000ef880000)
  from space 10752K, 99% used [0x00000000f0500000,0x00000000f0f78090,0x00000000f0f80000)
  to   space 12800K, 0% used [0x00000000ef880000,0x00000000ef880000,0x00000000f0500000)
 ParOldGen       total 40960K, used 18382K [0x00000000c3c00000, 0x00000000c6400000, 0x00000000ebe80000)
  object space 40960K, 44% used [0x00000000c3c00000,0x00000000c4df3800,0x00000000c6400000)
 PSPermGen       total 27648K, used 27162K [0x00000000b9600000, 0x00000000bb100000, 0x00000000c3c00000)
  object space 27648K, 98% used [0x00000000b9600000,0x00000000bb086a88,0x00000000bb100000)
GC Heap History (10 events):
Event: 4,362 GC heap before
{Heap before GC invocations=4 (full 0):
 PSYoungGen      total 18432K, used 18402K [0x00000000ebe80000, 0x00000000ed300000, 0x0000000100000000)
  eden space 15872K, 100% used [0x00000000ebe80000,0x00000000ece00000,0x00000000ece00000)
  from space 2560K, 98% used [0x00000000ece00000,0x00000000ed078a10,0x00000000ed080000)
  to   space 2560K, 0% used [0x00000000ed080000,0x00000000ed080000,0x00000000ed300000)
 ParOldGen       total 40960K, used 6965K [0x00000000c3c00000, 0x00000000c6400000, 0x00000000ebe80000)
  object space 40960K, 17% used [0x00000000c3c00000,0x00000000c42cd530,0x00000000c6400000)
 PSPermGen       total 24576K, used 24282K [0x00000000b9600000, 0x00000000bae00000, 0x00000000c3c00000)
  object space 24576K, 98% used [0x00000000b9600000,0x00000000badb6bc8,0x00000000bae00000)
Event: 4,371 GC heap after
Heap after GC invocations=4 (full 0):
 PSYoungGen      total 18432K, used 2548K [0x00000000ebe80000, 0x00000000ee280000, 0x0000000100000000)
  eden space 15872K, 0% used [0x00000000ebe80000,0x00000000ebe80000,0x00000000ece00000)
  from space 2560K, 99% used [0x00000000ed080000,0x00000000ed2fd240,0x00000000ed300000)
  to   space 2560K, 0% used [0x00000000ece00000,0x00000000ece00000,0x00000000ed080000)
 ParOldGen       total 40960K, used 9288K [0x00000000c3c00000, 0x00000000c6400000, 0x00000000ebe80000)
  object space 40960K, 22% used [0x00000000c3c00000,0x00000000c45122c8,0x00000000c6400000)
 PSPermGen       total 24576K, used 24282K [0x00000000b9600000, 0x00000000bae00000, 0x00000000c3c00000)
  object space 24576K, 98% used [0x00000000b9600000,0x00000000badb6bc8,0x00000000bae00000)
}
Event: 4,808 GC heap before
{Heap before GC invocations=5 (full 0):
 PSYoungGen      total 18432K, used 18420K [0x00000000ebe80000, 0x00000000ee280000, 0x0000000100000000)
  eden space 15872K, 100% used [0x00000000ebe80000,0x00000000ece00000,0x00000000ece00000)
  from space 2560K, 99% used [0x00000000ed080000,0x00000000ed2fd240,0x00000000ed300000)
  to   space 2560K, 0% used [0x00000000ece00000,0x00000000ece00000,0x00000000ed080000)
 ParOldGen       total 40960K, used 9288K [0x00000000c3c00000, 0x00000000c6400000, 0x00000000ebe80000)
  object space 40960K, 22% used [0x00000000c3c00000,0x00000000c45122c8,0x00000000c6400000)
 PSPermGen       total 25600K, used 25235K [0x00000000b9600000, 0x00000000baf00000, 0x00000000c3c00000)
  object space 25600K, 98% used [0x00000000b9600000,0x00000000baea4e80,0x00000000baf00000)
Event: 4,819 GC heap after
Heap after GC invocations=5 (full 0):
 PSYoungGen      total 18432K, used 2544K [0x00000000ebe80000, 0x00000000eeb80000, 0x0000000100000000)
  eden space 15872K, 0% used [0x00000000ebe80000,0x00000000ebe80000,0x00000000ece00000)
  from space 2560K, 99% used [0x00000000ece00000,0x00000000ed07c030,0x00000000ed080000)
  to   space 7168K, 0% used [0x00000000ee480000,0x00000000ee480000,0x00000000eeb80000)
 ParOldGen       total 40960K, used 13816K [0x00000000c3c00000, 0x00000000c6400000, 0x00000000ebe80000)
  object space 40960K, 33% used [0x00000000c3c00000,0x00000000c497e2c0,0x00000000c6400000)
 PSPermGen       total 25600K, used 25235K [0x00000000b9600000, 0x00000000baf00000, 0x00000000c3c00000)
  object space 25600K, 98% used [0x00000000b9600000,0x00000000baea4e80,0x00000000baf00000)
}
Event: 5,096 GC heap before
{Heap before GC invocations=6 (full 0):
 PSYoungGen      total 18432K, used 18416K [0x00000000ebe80000, 0x00000000eeb80000, 0x0000000100000000)
  eden space 15872K, 100% used [0x00000000ebe80000,0x00000000ece00000,0x00000000ece00000)
  from space 2560K, 99% used [0x00000000ece00000,0x00000000ed07c030,0x00000000ed080000)
  to   space 7168K, 0% used [0x00000000ee480000,0x00000000ee480000,0x00000000eeb80000)
 ParOldGen       total 40960K, used 13816K [0x00000000c3c00000, 0x00000000c6400000, 0x00000000ebe80000)
  object space 40960K, 33% used [0x00000000c3c00000,0x00000000c497e2c0,0x00000000c6400000)
 PSPermGen       total 26112K, used 25751K [0x00000000b9600000, 0x00000000baf80000, 0x00000000c3c00000)
  object space 26112K, 98% used [0x00000000b9600000,0x00000000baf25ff8,0x00000000baf80000)
Event: 5,109 GC heap after
Heap after GC invocations=6 (full 0):
 PSYoungGen      total 37888K, used 7147K [0x00000000ebe80000, 0x00000000eed80000, 0x0000000100000000)
  eden space 30720K, 0% used [0x00000000ebe80000,0x00000000ebe80000,0x00000000edc80000)
  from space 7168K, 99% used [0x00000000ee480000,0x00000000eeb7ae38,0x00000000eeb80000)
  to   space 8192K, 0% used [0x00000000edc80000,0x00000000edc80000,0x00000000ee480000)
 ParOldGen       total 40960K, used 13968K [0x00000000c3c00000, 0x00000000c6400000, 0x00000000ebe80000)
  object space 40960K, 34% used [0x00000000c3c00000,0x00000000c49a42a0,0x00000000c6400000)
 PSPermGen       total 26112K, used 25751K [0x00000000b9600000, 0x00000000baf80000, 0x00000000c3c00000)
  object space 26112K, 98% used [0x00000000b9600000,0x00000000baf25ff8,0x00000000baf80000)
}
Event: 10,718 GC heap before
{Heap before GC invocations=7 (full 0):
 PSYoungGen      total 37888K, used 37867K [0x00000000ebe80000, 0x00000000eed80000, 0x0000000100000000)
  eden space 30720K, 100% used [0x00000000ebe80000,0x00000000edc80000,0x00000000edc80000)
  from space 7168K, 99% used [0x00000000ee480000,0x00000000eeb7ae38,0x00000000eeb80000)
  to   space 8192K, 0% used [0x00000000edc80000,0x00000000edc80000,0x00000000ee480000)
 ParOldGen       total 40960K, used 13968K [0x00000000c3c00000, 0x00000000c6400000, 0x00000000ebe80000)
  object space 40960K, 34% used [0x00000000c3c00000,0x00000000c49a42a0,0x00000000c6400000)
 PSPermGen       total 26112K, used 26012K [0x00000000b9600000, 0x00000000baf80000, 0x00000000c3c00000)
  object space 26112K, 99% used [0x00000000b9600000,0x00000000baf67310,0x00000000baf80000)
Event: 10,735 GC heap after
Heap after GC invocations=7 (full 0):
 PSYoungGen      total 38912K, used 8160K [0x00000000ebe80000, 0x00000000f0f80000, 0x0000000100000000)
  eden space 30720K, 0% used [0x00000000ebe80000,0x00000000ebe80000,0x00000000edc80000)
  from space 8192K, 99% used [0x00000000edc80000,0x00000000ee478050,0x00000000ee480000)
  to   space 10752K, 0% used [0x00000000f0500000,0x00000000f0500000,0x00000000f0f80000)
 ParOldGen       total 40960K, used 16933K [0x00000000c3c00000, 0x00000000c6400000, 0x00000000ebe80000)
  object space 40960K, 41% used [0x00000000c3c00000,0x00000000c4c89488,0x00000000c6400000)
 PSPermGen       total 26112K, used 26012K [0x00000000b9600000, 0x00000000baf80000, 0x00000000c3c00000)
  object space 26112K, 99% used [0x00000000b9600000,0x00000000baf67310,0x00000000baf80000)
}
Event: 15,910 GC heap before
{Heap before GC invocations=8 (full 0):
 PSYoungGen      total 38912K, used 38880K [0x00000000ebe80000, 0x00000000f0f80000, 0x0000000100000000)
  eden space 30720K, 100% used [0x00000000ebe80000,0x00000000edc80000,0x00000000edc80000)
  from space 8192K, 99% used [0x00000000edc80000,0x00000000ee478050,0x00000000ee480000)
  to   space 10752K, 0% used [0x00000000f0500000,0x00000000f0500000,0x00000000f0f80000)
 ParOldGen       total 40960K, used 16933K [0x00000000c3c00000, 0x00000000c6400000, 0x00000000ebe80000)
  object space 40960K, 41% used [0x00000000c3c00000,0x00000000c4c89488,0x00000000c6400000)
 PSPermGen       total 27136K, used 26708K [0x00000000b9600000, 0x00000000bb080000, 0x00000000c3c00000)
  object space 27136K, 98% used [0x00000000b9600000,0x00000000bb015078,0x00000000bb080000)
Event: 15,930 GC heap after
Heap after GC invocations=8 (full 0):
 PSYoungGen      total 70144K, used 10720K [0x00000000ebe80000, 0x00000000f1380000, 0x0000000100000000)
  eden space 59392K, 0% used [0x00000000ebe80000,0x00000000ebe80000,0x00000000ef880000)
  from space 10752K, 99% used [0x00000000f0500000,0x00000000f0f78090,0x00000000f0f80000)
  to   space 12800K, 0% used [0x00000000ef880000,0x00000000ef880000,0x00000000f0500000)
 ParOldGen       total 40960K, used 18382K [0x00000000c3c00000, 0x00000000c6400000, 0x00000000ebe80000)
  object space 40960K, 44% used [0x00000000c3c00000,0x00000000c4df3800,0x00000000c6400000)
 PSPermGen       total 27136K, used 26708K [0x00000000b9600000, 0x00000000bb080000, 0x00000000c3c00000)
  object space 27136K, 98% used [0x00000000b9600000,0x00000000bb015078,0x00000000bb080000)
}

