# JRE version: OpenJDK Runtime Environment (7.0_79-b14) (build 1.7.0_79-b14)
# Java VM: OpenJDK 64-Bit Server VM (24.79-b02 mixed mode linux-amd64 compressed oops)
Heap
 PSYoungGen      total 49664K, used 13143K [0x00000000ebe80000, 0x00000000f2300000, 0x0000000100000000)
  eden space 49152K, 26% used [0x00000000ebe80000,0x00000000ecb4dfa8,0x00000000eee80000)
  from space 512K, 6% used [0x00000000f2280000,0x00000000f2288000,0x00000000f2300000)
  to   space 12800K, 0% used [0x00000000f0a00000,0x00000000f0a00000,0x00000000f1680000)
 ParOldGen       total 40960K, used 30053K [0x00000000c3c00000, 0x00000000c6400000, 0x00000000ebe80000)
  object space 40960K, 73% used [0x00000000c3c00000,0x00000000c59597d8,0x00000000c6400000)
 PSPermGen       total 27136K, used 27093K [0x00000000b9600000, 0x00000000bb080000, 0x00000000c3c00000)
  object space 27136K, 99% used [0x00000000b9600000,0x00000000bb075778,0x00000000bb080000)
GC Heap History (10 events):
Event: 121,458 GC heap before
{Heap before GC invocations=10 (full 0):
 PSYoungGen      total 64000K, used 63680K [0x00000000ebe80000, 0x00000000f4400000, 0x0000000100000000)
  eden space 58368K, 100% used [0x00000000ebe80000,0x00000000ef780000,0x00000000ef780000)
  from space 5632K, 94% used [0x00000000f3580000,0x00000000f3ab0070,0x00000000f3b00000)
  to   space 9216K, 0% used [0x00000000f3b00000,0x00000000f3b00000,0x00000000f4400000)
 ParOldGen       total 40960K, used 24791K [0x00000000c3c00000, 0x00000000c6400000, 0x00000000ebe80000)
  object space 40960K, 60% used [0x00000000c3c00000,0x00000000c5435c38,0x00000000c6400000)
 PSPermGen       total 27136K, used 27069K [0x00000000b9600000, 0x00000000bb080000, 0x00000000c3c00000)
  object space 27136K, 99% used [0x00000000b9600000,0x00000000bb06f470,0x00000000bb080000)
Event: 121,467 GC heap after
Heap after GC invocations=10 (full 0):
 PSYoungGen      total 56832K, used 32K [0x00000000ebe80000, 0x00000000f3b80000, 0x0000000100000000)
  eden space 56320K, 0% used [0x00000000ebe80000,0x00000000ebe80000,0x00000000ef580000)
  from space 512K, 6% used [0x00000000f3b00000,0x00000000f3b08000,0x00000000f3b80000)
  to   space 12288K, 0% used [0x00000000f2380000,0x00000000f2380000,0x00000000f2f80000)
 ParOldGen       total 40960K, used 30045K [0x00000000c3c00000, 0x00000000c6400000, 0x00000000ebe80000)
  object space 40960K, 73% used [0x00000000c3c00000,0x00000000c59577d8,0x00000000c6400000)
 PSPermGen       total 27136K, used 27069K [0x00000000b9600000, 0x00000000bb080000, 0x00000000c3c00000)
  object space 27136K, 99% used [0x00000000b9600000,0x00000000bb06f470,0x00000000bb080000)
}
Event: 150,853 GC heap before
{Heap before GC invocations=11 (full 0):
 PSYoungGen      total 56832K, used 56352K [0x00000000ebe80000, 0x00000000f3b80000, 0x0000000100000000)
  eden space 56320K, 100% used [0x00000000ebe80000,0x00000000ef580000,0x00000000ef580000)
  from space 512K, 6% used [0x00000000f3b00000,0x00000000f3b08000,0x00000000f3b80000)
  to   space 12288K, 0% used [0x00000000f2380000,0x00000000f2380000,0x00000000f2f80000)
 ParOldGen       total 40960K, used 30045K [0x00000000c3c00000, 0x00000000c6400000, 0x00000000ebe80000)
  object space 40960K, 73% used [0x00000000c3c00000,0x00000000c59577d8,0x00000000c6400000)
 PSPermGen       total 27136K, used 27069K [0x00000000b9600000, 0x00000000bb080000, 0x00000000c3c00000)
  object space 27136K, 99% used [0x00000000b9600000,0x00000000bb06f470,0x00000000bb080000)
Event: 150,859 GC heap after
Heap after GC invocations=11 (full 0):
 PSYoungGen      total 54784K, used 32K [0x00000000ebe80000, 0x00000000f3b80000, 0x0000000100000000)
  eden space 54272K, 0% used [0x00000000ebe80000,0x00000000ebe80000,0x00000000ef380000)
  from space 512K, 6% used [0x00000000f2380000,0x00000000f2388000,0x00000000f2400000)
  to   space 12800K, 0% used [0x00000000f2f00000,0x00000000f2f00000,0x00000000f3b80000)
 ParOldGen       total 40960K, used 30045K [0x00000000c3c00000, 0x00000000c6400000, 0x00000000ebe80000)
  object space 40960K, 73% used [0x00000000c3c00000,0x00000000c59577d8,0x00000000c6400000)
 PSPermGen       total 27136K, used 27069K [0x00000000b9600000, 0x00000000bb080000, 0x00000000c3c00000)
  object space 27136K, 99% used [0x00000000b9600000,0x00000000bb06f470,0x00000000bb080000)
}
Event: 179,656 GC heap before
{Heap before GC invocations=12 (full 0):
 PSYoungGen      total 54784K, used 54304K [0x00000000ebe80000, 0x00000000f3b80000, 0x0000000100000000)
  eden space 54272K, 100% used [0x00000000ebe80000,0x00000000ef380000,0x00000000ef380000)
  from space 512K, 6% used [0x00000000f2380000,0x00000000f2388000,0x00000000f2400000)
  to   space 12800K, 0% used [0x00000000f2f00000,0x00000000f2f00000,0x00000000f3b80000)
 ParOldGen       total 40960K, used 30045K [0x00000000c3c00000, 0x00000000c6400000, 0x00000000ebe80000)
  object space 40960K, 73% used [0x00000000c3c00000,0x00000000c59577d8,0x00000000c6400000)
 PSPermGen       total 27136K, used 27070K [0x00000000b9600000, 0x00000000bb080000, 0x00000000c3c00000)
  object space 27136K, 99% used [0x00000000b9600000,0x00000000bb06f848,0x00000000bb080000)
Event: 179,659 GC heap after
Heap after GC invocations=12 (full 0):
 PSYoungGen      total 52736K, used 0K [0x00000000ebe80000, 0x00000000f2f80000, 0x0000000100000000)
  eden space 52224K, 0% used [0x00000000ebe80000,0x00000000ebe80000,0x00000000ef180000)
  from space 512K, 0% used [0x00000000f2f00000,0x00000000f2f00000,0x00000000f2f80000)
  to   space 13312K, 0% used [0x00000000f1580000,0x00000000f1580000,0x00000000f2280000)
 ParOldGen       total 40960K, used 30053K [0x00000000c3c00000, 0x00000000c6400000, 0x00000000ebe80000)
  object space 40960K, 73% used [0x00000000c3c00000,0x00000000c59597d8,0x00000000c6400000)
 PSPermGen       total 27136K, used 27070K [0x00000000b9600000, 0x00000000bb080000, 0x00000000c3c00000)
  object space 27136K, 99% used [0x00000000b9600000,0x00000000bb06f848,0x00000000bb080000)
}
Event: 207,510 GC heap before
{Heap before GC invocations=13 (full 0):
 PSYoungGen      total 52736K, used 52224K [0x00000000ebe80000, 0x00000000f2f80000, 0x0000000100000000)
  eden space 52224K, 100% used [0x00000000ebe80000,0x00000000ef180000,0x00000000ef180000)
  from space 512K, 0% used [0x00000000f2f00000,0x00000000f2f00000,0x00000000f2f80000)
  to   space 13312K, 0% used [0x00000000f1580000,0x00000000f1580000,0x00000000f2280000)
 ParOldGen       total 40960K, used 30053K [0x00000000c3c00000, 0x00000000c6400000, 0x00000000ebe80000)
  object space 40960K, 73% used [0x00000000c3c00000,0x00000000c59597d8,0x00000000c6400000)
 PSPermGen       total 27136K, used 27070K [0x00000000b9600000, 0x00000000bb080000, 0x00000000c3c00000)
  object space 27136K, 99% used [0x00000000b9600000,0x00000000bb06f9e8,0x00000000bb080000)
Event: 207,512 GC heap after
Heap after GC invocations=13 (full 0):
 PSYoungGen      total 64000K, used 32K [0x00000000ebe80000, 0x00000000f2f80000, 0x0000000100000000)
  eden space 50688K, 0% used [0x00000000ebe80000,0x00000000ebe80000,0x00000000ef000000)
  from space 13312K, 0% used [0x00000000f1580000,0x00000000f1588000,0x00000000f2280000)
  to   space 13312K, 0% used [0x00000000f2280000,0x00000000f2280000,0x00000000f2f80000)
 ParOldGen       total 40960K, used 30053K [0x00000000c3c00000, 0x00000000c6400000, 0x00000000ebe80000)
  object space 40960K, 73% used [0x00000000c3c00000,0x00000000c59597d8,0x00000000c6400000)
 PSPermGen       total 27136K, used 27070K [0x00000000b9600000, 0x00000000bb080000, 0x00000000c3c00000)
  object space 27136K, 99% used [0x00000000b9600000,0x00000000bb06f9e8,0x00000000bb080000)
}
Event: 234,447 GC heap before
{Heap before GC invocations=14 (full 0):
 PSYoungGen      total 64000K, used 50720K [0x00000000ebe80000, 0x00000000f2f80000, 0x0000000100000000)
  eden space 50688K, 100% used [0x00000000ebe80000,0x00000000ef000000,0x00000000ef000000)
  from space 13312K, 0% used [0x00000000f1580000,0x00000000f1588000,0x00000000f2280000)
  to   space 13312K, 0% used [0x00000000f2280000,0x00000000f2280000,0x00000000f2f80000)
 ParOldGen       total 40960K, used 30053K [0x00000000c3c00000, 0x00000000c6400000, 0x00000000ebe80000)
  object space 40960K, 73% used [0x00000000c3c00000,0x00000000c59597d8,0x00000000c6400000)
 PSPermGen       total 27136K, used 27070K [0x00000000b9600000, 0x00000000bb080000, 0x00000000c3c00000)
  object space 27136K, 99% used [0x00000000b9600000,0x00000000bb06f9e8,0x00000000bb080000)
Event: 234,448 GC heap after
Heap after GC invocations=14 (full 0):
 PSYoungGen      total 49664K, used 32K [0x00000000ebe80000, 0x00000000f2300000, 0x0000000100000000)
  eden space 49152K, 0% used [0x00000000ebe80000,0x00000000ebe80000,0x00000000eee80000)
  from space 512K, 6% used [0x00000000f2280000,0x00000000f2288000,0x00000000f2300000)
  to   space 12800K, 0% used [0x00000000f0a00000,0x00000000f0a00000,0x00000000f1680000)
 ParOldGen       total 40960K, used 30053K [0x00000000c3c00000, 0x00000000c6400000, 0x00000000ebe80000)
  object space 40960K, 73% used [0x00000000c3c00000,0x00000000c59597d8,0x00000000c6400000)
 PSPermGen       total 27136K, used 27070K [0x00000000b9600000, 0x00000000bb080000, 0x00000000c3c00000)
  object space 27136K, 99% used [0x00000000b9600000,0x00000000bb06f9e8,0x00000000bb080000)
}

