# JRE version: OpenJDK Runtime Environment (7.0_79-b14) (build 1.7.0_79-b14)
# Java VM: OpenJDK 64-Bit Server VM (24.79-b02 mixed mode linux-amd64 compressed oops)
Heap
 PSYoungGen      total 72192K, used 18250K [0x00000000ebe80000, 0x00000000f5180000, 0x0000000100000000)
  eden space 63488K, 15% used [0x00000000ebe80000,0x00000000ec7d6990,0x00000000efc80000)
  from space 8704K, 99% used [0x00000000efc80000,0x00000000f04fc040,0x00000000f0500000)
  to   space 11776K, 0% used [0x00000000f4600000,0x00000000f4600000,0x00000000f5180000)
 ParOldGen       total 40960K, used 18696K [0x00000000c3c00000, 0x00000000c6400000, 0x00000000ebe80000)
  object space 40960K, 45% used [0x00000000c3c00000,0x00000000c4e42220,0x00000000c6400000)
 PSPermGen       total 27648K, used 27170K [0x00000000b9600000, 0x00000000bb100000, 0x00000000c3c00000)
  object space 27648K, 98% used [0x00000000b9600000,0x00000000bb088bb0,0x00000000bb100000)
GC Heap History (10 events):
Event: 4,347 GC heap before
{Heap before GC invocations=3 (full 0):
 PSYoungGen      total 18432K, used 18420K [0x00000000ebe80000, 0x00000000ed300000, 0x0000000100000000)
  eden space 15872K, 100% used [0x00000000ebe80000,0x00000000ece00000,0x00000000ece00000)
  from space 2560K, 99% used [0x00000000ed080000,0x00000000ed2fd230,0x00000000ed300000)
  to   space 2560K, 0% used [0x00000000ece00000,0x00000000ece00000,0x00000000ed080000)
 ParOldGen       total 40960K, used 5078K [0x00000000c3c00000, 0x00000000c6400000, 0x00000000ebe80000)
  object space 40960K, 12% used [0x00000000c3c00000,0x00000000c40f5840,0x00000000c6400000)
 PSPermGen       total 22528K, used 22482K [0x00000000b9600000, 0x00000000bac00000, 0x00000000c3c00000)
  object space 22528K, 99% used [0x00000000b9600000,0x00000000babf4a88,0x00000000bac00000)
Event: 4,358 GC heap after
Heap after GC invocations=3 (full 0):
 PSYoungGen      total 18432K, used 2559K [0x00000000ebe80000, 0x00000000ee280000, 0x0000000100000000)
  eden space 15872K, 0% used [0x00000000ebe80000,0x00000000ebe80000,0x00000000ece00000)
  from space 2560K, 99% used [0x00000000ece00000,0x00000000ed07fe18,0x00000000ed080000)
  to   space 2560K, 0% used [0x00000000ee000000,0x00000000ee000000,0x00000000ee280000)
 ParOldGen       total 40960K, used 6948K [0x00000000c3c00000, 0x00000000c6400000, 0x00000000ebe80000)
  object space 40960K, 16% used [0x00000000c3c00000,0x00000000c42c91d0,0x00000000c6400000)
 PSPermGen       total 22528K, used 22482K [0x00000000b9600000, 0x00000000bac00000, 0x00000000c3c00000)
  object space 22528K, 99% used [0x00000000b9600000,0x00000000babf4a88,0x00000000bac00000)
}
Event: 4,786 GC heap before
{Heap before GC invocations=4 (full 0):
 PSYoungGen      total 18432K, used 18256K [0x00000000ebe80000, 0x00000000ee280000, 0x0000000100000000)
  eden space 15872K, 98% used [0x00000000ebe80000,0x00000000ecdd45c8,0x00000000ece00000)
  from space 2560K, 99% used [0x00000000ece00000,0x00000000ed07fe18,0x00000000ed080000)
  to   space 2560K, 0% used [0x00000000ee000000,0x00000000ee000000,0x00000000ee280000)
 ParOldGen       total 40960K, used 6948K [0x00000000c3c00000, 0x00000000c6400000, 0x00000000ebe80000)
  object space 40960K, 16% used [0x00000000c3c00000,0x00000000c42c91d0,0x00000000c6400000)
 PSPermGen       total 24576K, used 24280K [0x00000000b9600000, 0x00000000bae00000, 0x00000000c3c00000)
  object space 24576K, 98% used [0x00000000b9600000,0x00000000badb6020,0x00000000bae00000)
Event: 4,794 GC heap after
Heap after GC invocations=4 (full 0):
 PSYoungGen      total 34304K, used 2530K [0x00000000ebe80000, 0x00000000ee280000, 0x0000000100000000)
  eden space 31744K, 0% used [0x00000000ebe80000,0x00000000ebe80000,0x00000000edd80000)
  from space 2560K, 98% used [0x00000000ee000000,0x00000000ee278a10,0x00000000ee280000)
  to   space 2560K, 0% used [0x00000000edd80000,0x00000000edd80000,0x00000000ee000000)
 ParOldGen       total 40960K, used 9175K [0x00000000c3c00000, 0x00000000c6400000, 0x00000000ebe80000)
  object space 40960K, 22% used [0x00000000c3c00000,0x00000000c44f5d20,0x00000000c6400000)
 PSPermGen       total 24576K, used 24280K [0x00000000b9600000, 0x00000000bae00000, 0x00000000c3c00000)
  object space 24576K, 98% used [0x00000000b9600000,0x00000000badb6020,0x00000000bae00000)
}
Event: 5,577 GC heap before
{Heap before GC invocations=5 (full 0):
 PSYoungGen      total 34304K, used 34274K [0x00000000ebe80000, 0x00000000ee280000, 0x0000000100000000)
  eden space 31744K, 100% used [0x00000000ebe80000,0x00000000edd80000,0x00000000edd80000)
  from space 2560K, 98% used [0x00000000ee000000,0x00000000ee278a10,0x00000000ee280000)
  to   space 2560K, 0% used [0x00000000edd80000,0x00000000edd80000,0x00000000ee000000)
 ParOldGen       total 40960K, used 9175K [0x00000000c3c00000, 0x00000000c6400000, 0x00000000ebe80000)
  object space 40960K, 22% used [0x00000000c3c00000,0x00000000c44f5d20,0x00000000c6400000)
 PSPermGen       total 26112K, used 25750K [0x00000000b9600000, 0x00000000baf80000, 0x00000000c3c00000)
  object space 26112K, 98% used [0x00000000b9600000,0x00000000baf25b50,0x00000000baf80000)
Event: 5,594 GC heap after
Heap after GC invocations=5 (full 0):
 PSYoungGen      total 34304K, used 2544K [0x00000000ebe80000, 0x00000000f0d80000, 0x0000000100000000)
  eden space 31744K, 0% used [0x00000000ebe80000,0x00000000ebe80000,0x00000000edd80000)
  from space 2560K, 99% used [0x00000000edd80000,0x00000000edffc010,0x00000000ee000000)
  to   space 8704K, 0% used [0x00000000f0500000,0x00000000f0500000,0x00000000f0d80000)
 ParOldGen       total 40960K, used 15413K [0x00000000c3c00000, 0x00000000c6400000, 0x00000000ebe80000)
  object space 40960K, 37% used [0x00000000c3c00000,0x00000000c4b0d530,0x00000000c6400000)
 PSPermGen       total 26112K, used 25750K [0x00000000b9600000, 0x00000000baf80000, 0x00000000c3c00000)
  object space 26112K, 98% used [0x00000000b9600000,0x00000000baf25b50,0x00000000baf80000)
}
Event: 11,390 GC heap before
{Heap before GC invocations=6 (full 0):
 PSYoungGen      total 34304K, used 34288K [0x00000000ebe80000, 0x00000000f0d80000, 0x0000000100000000)
  eden space 31744K, 100% used [0x00000000ebe80000,0x00000000edd80000,0x00000000edd80000)
  from space 2560K, 99% used [0x00000000edd80000,0x00000000edffc010,0x00000000ee000000)
  to   space 8704K, 0% used [0x00000000f0500000,0x00000000f0500000,0x00000000f0d80000)
 ParOldGen       total 40960K, used 15413K [0x00000000c3c00000, 0x00000000c6400000, 0x00000000ebe80000)
  object space 40960K, 37% used [0x00000000c3c00000,0x00000000c4b0d530,0x00000000c6400000)
 PSPermGen       total 26112K, used 26013K [0x00000000b9600000, 0x00000000baf80000, 0x00000000c3c00000)
  object space 26112K, 99% used [0x00000000b9600000,0x00000000baf677b0,0x00000000baf80000)
Event: 11,407 GC heap after
Heap after GC invocations=6 (full 0):
 PSYoungGen      total 72192K, used 7056K [0x00000000ebe80000, 0x00000000f0d80000, 0x0000000100000000)
  eden space 63488K, 0% used [0x00000000ebe80000,0x00000000ebe80000,0x00000000efc80000)
  from space 8704K, 81% used [0x00000000f0500000,0x00000000f0be4050,0x00000000f0d80000)
  to   space 8704K, 0% used [0x00000000efc80000,0x00000000efc80000,0x00000000f0500000)
 ParOldGen       total 40960K, used 15413K [0x00000000c3c00000, 0x00000000c6400000, 0x00000000ebe80000)
  object space 40960K, 37% used [0x00000000c3c00000,0x00000000c4b0d530,0x00000000c6400000)
 PSPermGen       total 26112K, used 26013K [0x00000000b9600000, 0x00000000baf80000, 0x00000000c3c00000)
  object space 26112K, 99% used [0x00000000b9600000,0x00000000baf677b0,0x00000000baf80000)
}
Event: 17,255 GC heap before
{Heap before GC invocations=7 (full 0):
 PSYoungGen      total 72192K, used 70544K [0x00000000ebe80000, 0x00000000f0d80000, 0x0000000100000000)
  eden space 63488K, 100% used [0x00000000ebe80000,0x00000000efc80000,0x00000000efc80000)
  from space 8704K, 81% used [0x00000000f0500000,0x00000000f0be4050,0x00000000f0d80000)
  to   space 8704K, 0% used [0x00000000efc80000,0x00000000efc80000,0x00000000f0500000)
 ParOldGen       total 40960K, used 15413K [0x00000000c3c00000, 0x00000000c6400000, 0x00000000ebe80000)
  object space 40960K, 37% used [0x00000000c3c00000,0x00000000c4b0d530,0x00000000c6400000)
 PSPermGen       total 27136K, used 27055K [0x00000000b9600000, 0x00000000bb080000, 0x00000000c3c00000)
  object space 27136K, 99% used [0x00000000b9600000,0x00000000bb06bf90,0x00000000bb080000)
Event: 17,285 GC heap after
Heap after GC invocations=7 (full 0):
 PSYoungGen      total 72192K, used 8688K [0x00000000ebe80000, 0x00000000f5180000, 0x0000000100000000)
  eden space 63488K, 0% used [0x00000000ebe80000,0x00000000ebe80000,0x00000000efc80000)
  from space 8704K, 99% used [0x00000000efc80000,0x00000000f04fc040,0x00000000f0500000)
  to   space 11776K, 0% used [0x00000000f4600000,0x00000000f4600000,0x00000000f5180000)
 ParOldGen       total 40960K, used 18696K [0x00000000c3c00000, 0x00000000c6400000, 0x00000000ebe80000)
  object space 40960K, 45% used [0x00000000c3c00000,0x00000000c4e42220,0x00000000c6400000)
 PSPermGen       total 27136K, used 27055K [0x00000000b9600000, 0x00000000bb080000, 0x00000000c3c00000)
  object space 27136K, 99% used [0x00000000b9600000,0x00000000bb06bf90,0x00000000bb080000)
}

