# JRE version: OpenJDK Runtime Environment (7.0_75-b13) (build 1.7.0_75-b13)
# Java VM: OpenJDK 64-Bit Server VM (24.75-b04 mixed mode linux-amd64 compressed oops)
Heap
 PSYoungGen      total 152576K, used 67129K [0x00000000ebe80000, 0x00000000fc700000, 0x0000000100000000)
  eden space 88064K, 3% used [0x00000000ebe80000,0x00000000ec1151d8,0x00000000f1480000)
  from space 64512K, 99% used [0x00000000f6580000,0x00000000fa4792f0,0x00000000fa480000)
  to   space 82944K, 0% used [0x00000000f1480000,0x00000000f1480000,0x00000000f6580000)
 ParOldGen       total 151552K, used 100761K [0x00000000c3c00000, 0x00000000cd000000, 0x00000000ebe80000)
  object space 151552K, 66% used [0x00000000c3c00000,0x00000000c9e66718,0x00000000cd000000)
 PSPermGen       total 56320K, used 24852K [0x00000000b9600000, 0x00000000bcd00000, 0x00000000c3c00000)
  object space 56320K, 44% used [0x00000000b9600000,0x00000000bae45260,0x00000000bcd00000)
GC Heap History (10 events):
Event: 17,327 GC heap before
{Heap before GC invocations=8 (full 1):
 PSYoungGen      total 77312K, used 19446K [0x00000000ebe80000, 0x00000000f7180000, 0x0000000100000000)
  eden space 57856K, 0% used [0x00000000ebe80000,0x00000000ebe80000,0x00000000ef700000)
  from space 19456K, 99% used [0x00000000ef700000,0x00000000f09fdbe8,0x00000000f0a00000)
  to   space 33792K, 0% used [0x00000000f5080000,0x00000000f5080000,0x00000000f7180000)
 ParOldGen       total 51200K, used 49227K [0x00000000c3c00000, 0x00000000c6e00000, 0x00000000ebe80000)
  object space 51200K, 96% used [0x00000000c3c00000,0x00000000c6c12db8,0x00000000c6e00000)
 PSPermGen       total 25088K, used 24843K [0x00000000b9600000, 0x00000000bae80000, 0x00000000c3c00000)
  object space 25088K, 99% used [0x00000000b9600000,0x00000000bae42cc8,0x00000000bae80000)
Event: 17,916 GC heap after
Heap after GC invocations=8 (full 1):
 PSYoungGen      total 77312K, used 11243K [0x00000000ebe80000, 0x00000000f7180000, 0x0000000100000000)
  eden space 57856K, 0% used [0x00000000ebe80000,0x00000000ebe80000,0x00000000ef700000)
  from space 19456K, 57% used [0x00000000ef700000,0x00000000f01faff8,0x00000000f0a00000)
  to   space 33792K, 0% used [0x00000000f5080000,0x00000000f5080000,0x00000000f7180000)
 ParOldGen       total 94720K, used 51158K [0x00000000c3c00000, 0x00000000c9880000, 0x00000000ebe80000)
  object space 94720K, 54% used [0x00000000c3c00000,0x00000000c6df5810,0x00000000c9880000)
 PSPermGen       total 50176K, used 24837K [0x00000000b9600000, 0x00000000bc700000, 0x00000000c3c00000)
  object space 50176K, 49% used [0x00000000b9600000,0x00000000bae41630,0x00000000bc700000)
}
Event: 19,391 GC heap before
{Heap before GC invocations=9 (full 1):
 PSYoungGen      total 77312K, used 69099K [0x00000000ebe80000, 0x00000000f7180000, 0x0000000100000000)
  eden space 57856K, 100% used [0x00000000ebe80000,0x00000000ef700000,0x00000000ef700000)
  from space 19456K, 57% used [0x00000000ef700000,0x00000000f01faff8,0x00000000f0a00000)
  to   space 33792K, 0% used [0x00000000f5080000,0x00000000f5080000,0x00000000f7180000)
 ParOldGen       total 94720K, used 51158K [0x00000000c3c00000, 0x00000000c9880000, 0x00000000ebe80000)
  object space 94720K, 54% used [0x00000000c3c00000,0x00000000c6df5810,0x00000000c9880000)
 PSPermGen       total 50176K, used 24838K [0x00000000b9600000, 0x00000000bc700000, 0x00000000c3c00000)
  object space 50176K, 49% used [0x00000000b9600000,0x00000000bae419e0,0x00000000bc700000)
Event: 19,466 GC heap after
Heap after GC invocations=9 (full 1):
 PSYoungGen      total 116736K, used 33787K [0x00000000ebe80000, 0x00000000f7180000, 0x0000000100000000)
  eden space 82944K, 0% used [0x00000000ebe80000,0x00000000ebe80000,0x00000000f0f80000)
  from space 33792K, 99% used [0x00000000f5080000,0x00000000f717ec08,0x00000000f7180000)
  to   space 45568K, 0% used [0x00000000f1880000,0x00000000f1880000,0x00000000f4500000)
 ParOldGen       total 94720K, used 62918K [0x00000000c3c00000, 0x00000000c9880000, 0x00000000ebe80000)
  object space 94720K, 66% used [0x00000000c3c00000,0x00000000c7971810,0x00000000c9880000)
 PSPermGen       total 50176K, used 24838K [0x00000000b9600000, 0x00000000bc700000, 0x00000000c3c00000)
  object space 50176K, 49% used [0x00000000b9600000,0x00000000bae419e0,0x00000000bc700000)
}
Event: 21,543 GC heap before
{Heap before GC invocations=10 (full 1):
 PSYoungGen      total 116736K, used 116731K [0x00000000ebe80000, 0x00000000f7180000, 0x0000000100000000)
  eden space 82944K, 100% used [0x00000000ebe80000,0x00000000f0f80000,0x00000000f0f80000)
  from space 33792K, 99% used [0x00000000f5080000,0x00000000f717ec08,0x00000000f7180000)
  to   space 45568K, 0% used [0x00000000f1880000,0x00000000f1880000,0x00000000f4500000)
 ParOldGen       total 94720K, used 62918K [0x00000000c3c00000, 0x00000000c9880000, 0x00000000ebe80000)
  object space 94720K, 66% used [0x00000000c3c00000,0x00000000c7971810,0x00000000c9880000)
 PSPermGen       total 50176K, used 24838K [0x00000000b9600000, 0x00000000bc700000, 0x00000000c3c00000)
  object space 50176K, 49% used [0x00000000b9600000,0x00000000bae419e0,0x00000000bc700000)
Event: 21,633 GC heap after
Heap after GC invocations=10 (full 1):
 PSYoungGen      total 137728K, used 45560K [0x00000000ebe80000, 0x00000000fa480000, 0x0000000100000000)
  eden space 92160K, 0% used [0x00000000ebe80000,0x00000000ebe80000,0x00000000f1880000)
  from space 45568K, 99% used [0x00000000f1880000,0x00000000f44fe200,0x00000000f4500000)
  to   space 64512K, 0% used [0x00000000f6580000,0x00000000f6580000,0x00000000fa480000)
 ParOldGen       total 94720K, used 89022K [0x00000000c3c00000, 0x00000000c9880000, 0x00000000ebe80000)
  object space 94720K, 93% used [0x00000000c3c00000,0x00000000c92ef810,0x00000000c9880000)
 PSPermGen       total 50176K, used 24838K [0x00000000b9600000, 0x00000000bc700000, 0x00000000c3c00000)
  object space 50176K, 49% used [0x00000000b9600000,0x00000000bae419e0,0x00000000bc700000)
}
Event: 21,633 GC heap before
{Heap before GC invocations=11 (full 2):
 PSYoungGen      total 137728K, used 45560K [0x00000000ebe80000, 0x00000000fa480000, 0x0000000100000000)
  eden space 92160K, 0% used [0x00000000ebe80000,0x00000000ebe80000,0x00000000f1880000)
  from space 45568K, 99% used [0x00000000f1880000,0x00000000f44fe200,0x00000000f4500000)
  to   space 64512K, 0% used [0x00000000f6580000,0x00000000f6580000,0x00000000fa480000)
 ParOldGen       total 94720K, used 89022K [0x00000000c3c00000, 0x00000000c9880000, 0x00000000ebe80000)
  object space 94720K, 93% used [0x00000000c3c00000,0x00000000c92ef810,0x00000000c9880000)
 PSPermGen       total 50176K, used 24838K [0x00000000b9600000, 0x00000000bc700000, 0x00000000c3c00000)
  object space 50176K, 49% used [0x00000000b9600000,0x00000000bae419e0,0x00000000bc700000)
Event: 22,506 GC heap after
Heap after GC invocations=11 (full 2):
 PSYoungGen      total 137728K, used 45531K [0x00000000ebe80000, 0x00000000fa480000, 0x0000000100000000)
  eden space 92160K, 0% used [0x00000000ebe80000,0x00000000ebe80000,0x00000000f1880000)
  from space 45568K, 99% used [0x00000000f1880000,0x00000000f44f6eb8,0x00000000f4500000)
  to   space 64512K, 0% used [0x00000000f6580000,0x00000000f6580000,0x00000000fa480000)
 ParOldGen       total 151552K, used 80577K [0x00000000c3c00000, 0x00000000cd000000, 0x00000000ebe80000)
  object space 151552K, 53% used [0x00000000c3c00000,0x00000000c8ab0718,0x00000000cd000000)
 PSPermGen       total 56320K, used 24838K [0x00000000b9600000, 0x00000000bcd00000, 0x00000000c3c00000)
  object space 56320K, 44% used [0x00000000b9600000,0x00000000bae419e0,0x00000000bcd00000)
}
Event: 24,602 GC heap before
{Heap before GC invocations=12 (full 2):
 PSYoungGen      total 137728K, used 137691K [0x00000000ebe80000, 0x00000000fa480000, 0x0000000100000000)
  eden space 92160K, 100% used [0x00000000ebe80000,0x00000000f1880000,0x00000000f1880000)
  from space 45568K, 99% used [0x00000000f1880000,0x00000000f44f6eb8,0x00000000f4500000)
  to   space 64512K, 0% used [0x00000000f6580000,0x00000000f6580000,0x00000000fa480000)
 ParOldGen       total 151552K, used 80577K [0x00000000c3c00000, 0x00000000cd000000, 0x00000000ebe80000)
  object space 151552K, 53% used [0x00000000c3c00000,0x00000000c8ab0718,0x00000000cd000000)
 PSPermGen       total 56320K, used 24852K [0x00000000b9600000, 0x00000000bcd00000, 0x00000000c3c00000)
  object space 56320K, 44% used [0x00000000b9600000,0x00000000bae45260,0x00000000bcd00000)
Event: 24,749 GC heap after
Heap after GC invocations=12 (full 2):
 PSYoungGen      total 152576K, used 64484K [0x00000000ebe80000, 0x00000000fc700000, 0x0000000100000000)
  eden space 88064K, 0% used [0x00000000ebe80000,0x00000000ebe80000,0x00000000f1480000)
  from space 64512K, 99% used [0x00000000f6580000,0x00000000fa4792f0,0x00000000fa480000)
  to   space 82944K, 0% used [0x00000000f1480000,0x00000000f1480000,0x00000000f6580000)
 ParOldGen       total 151552K, used 100761K [0x00000000c3c00000, 0x00000000cd000000, 0x00000000ebe80000)
  object space 151552K, 66% used [0x00000000c3c00000,0x00000000c9e66718,0x00000000cd000000)
 PSPermGen       total 56320K, used 24852K [0x00000000b9600000, 0x00000000bcd00000, 0x00000000c3c00000)
  object space 56320K, 44% used [0x00000000b9600000,0x00000000bae45260,0x00000000bcd00000)
}

