# JRE version: OpenJDK Runtime Environment (7.0_79-b14) (build 1.7.0_79-b14)
# Java VM: OpenJDK 64-Bit Server VM (24.79-b02 mixed mode linux-amd64 compressed oops)
Heap
 PSYoungGen      total 127488K, used 16300K [0x00000000ebe80000, 0x00000000f8b80000, 0x0000000100000000)
  eden space 115200K, 14% used [0x00000000ebe80000,0x00000000ece5b248,0x00000000f2f00000)
  from space 12288K, 0% used [0x00000000f2f00000,0x00000000f2f10000,0x00000000f3b00000)
  to   space 12800K, 0% used [0x00000000f7f00000,0x00000000f7f00000,0x00000000f8b80000)
 ParOldGen       total 40960K, used 27829K [0x00000000c3c00000, 0x00000000c6400000, 0x00000000ebe80000)
  object space 40960K, 67% used [0x00000000c3c00000,0x00000000c572d440,0x00000000c6400000)
 PSPermGen       total 27648K, used 27503K [0x00000000b9600000, 0x00000000bb100000, 0x00000000c3c00000)
  object space 27648K, 99% used [0x00000000b9600000,0x00000000bb0dbc18,0x00000000bb100000)
GC Heap History (10 events):
Event: 17,622 GC heap before
{Heap before GC invocations=7 (full 0):
 PSYoungGen      total 71168K, used 69970K [0x00000000ebe80000, 0x00000000f0d80000, 0x0000000100000000)
  eden space 62976K, 100% used [0x00000000ebe80000,0x00000000efc00000,0x00000000efc00000)
  from space 8192K, 85% used [0x00000000f0480000,0x00000000f0b54a30,0x00000000f0c80000)
  to   space 8704K, 0% used [0x00000000efc00000,0x00000000efc00000,0x00000000f0480000)
 ParOldGen       total 40960K, used 15383K [0x00000000c3c00000, 0x00000000c6400000, 0x00000000ebe80000)
  object space 40960K, 37% used [0x00000000c3c00000,0x00000000c4b05c58,0x00000000c6400000)
 PSPermGen       total 27136K, used 27050K [0x00000000b9600000, 0x00000000bb080000, 0x00000000c3c00000)
  object space 27136K, 99% used [0x00000000b9600000,0x00000000bb06aa98,0x00000000bb080000)
Event: 17,651 GC heap after
Heap after GC invocations=7 (full 0):
 PSYoungGen      total 71680K, used 8677K [0x00000000ebe80000, 0x00000000f4f80000, 0x0000000100000000)
  eden space 62976K, 0% used [0x00000000ebe80000,0x00000000ebe80000,0x00000000efc00000)
  from space 8704K, 99% used [0x00000000efc00000,0x00000000f04797b0,0x00000000f0480000)
  to   space 11264K, 0% used [0x00000000f4480000,0x00000000f4480000,0x00000000f4f80000)
 ParOldGen       total 40960K, used 18592K [0x00000000c3c00000, 0x00000000c6400000, 0x00000000ebe80000)
  object space 40960K, 45% used [0x00000000c3c00000,0x00000000c4e28130,0x00000000c6400000)
 PSPermGen       total 27136K, used 27050K [0x00000000b9600000, 0x00000000bb080000, 0x00000000c3c00000)
  object space 27136K, 99% used [0x00000000b9600000,0x00000000bb06aa98,0x00000000bb080000)
}
Event: 26,233 GC heap before
{Heap before GC invocations=8 (full 0):
 PSYoungGen      total 71680K, used 71653K [0x00000000ebe80000, 0x00000000f4f80000, 0x0000000100000000)
  eden space 62976K, 100% used [0x00000000ebe80000,0x00000000efc00000,0x00000000efc00000)
  from space 8704K, 99% used [0x00000000efc00000,0x00000000f04797b0,0x00000000f0480000)
  to   space 11264K, 0% used [0x00000000f4480000,0x00000000f4480000,0x00000000f4f80000)
 ParOldGen       total 40960K, used 18592K [0x00000000c3c00000, 0x00000000c6400000, 0x00000000ebe80000)
  object space 40960K, 45% used [0x00000000c3c00000,0x00000000c4e28130,0x00000000c6400000)
 PSPermGen       total 27648K, used 27466K [0x00000000b9600000, 0x00000000bb100000, 0x00000000c3c00000)
  object space 27648K, 99% used [0x00000000b9600000,0x00000000bb0d2ac0,0x00000000bb100000)
Event: 26,269 GC heap after
Heap after GC invocations=8 (full 0):
 PSYoungGen      total 70144K, used 9024K [0x00000000ebe80000, 0x00000000f4d80000, 0x0000000100000000)
  eden space 60928K, 0% used [0x00000000ebe80000,0x00000000ebe80000,0x00000000efa00000)
  from space 9216K, 97% used [0x00000000f4480000,0x00000000f4d500d0,0x00000000f4d80000)
  to   space 11776K, 0% used [0x00000000f3680000,0x00000000f3680000,0x00000000f4200000)
 ParOldGen       total 40960K, used 18912K [0x00000000c3c00000, 0x00000000c6400000, 0x00000000ebe80000)
  object space 40960K, 46% used [0x00000000c3c00000,0x00000000c4e78140,0x00000000c6400000)
 PSPermGen       total 27648K, used 27466K [0x00000000b9600000, 0x00000000bb100000, 0x00000000c3c00000)
  object space 27648K, 99% used [0x00000000b9600000,0x00000000bb0d2ac0,0x00000000bb100000)
}
Event: 28,395 GC heap before
{Heap before GC invocations=9 (full 0):
 PSYoungGen      total 70144K, used 69952K [0x00000000ebe80000, 0x00000000f4d80000, 0x0000000100000000)
  eden space 60928K, 100% used [0x00000000ebe80000,0x00000000efa00000,0x00000000efa00000)
  from space 9216K, 97% used [0x00000000f4480000,0x00000000f4d500d0,0x00000000f4d80000)
  to   space 11776K, 0% used [0x00000000f3680000,0x00000000f3680000,0x00000000f4200000)
 ParOldGen       total 40960K, used 18912K [0x00000000c3c00000, 0x00000000c6400000, 0x00000000ebe80000)
  object space 40960K, 46% used [0x00000000c3c00000,0x00000000c4e78140,0x00000000c6400000)
 PSPermGen       total 27648K, used 27492K [0x00000000b9600000, 0x00000000bb100000, 0x00000000c3c00000)
  object space 27648K, 99% used [0x00000000b9600000,0x00000000bb0d9108,0x00000000bb100000)
Event: 28,477 GC heap after
Heap after GC invocations=9 (full 0):
 PSYoungGen      total 102400K, used 4522K [0x00000000ebe80000, 0x00000000f4500000, 0x0000000100000000)
  eden space 97792K, 0% used [0x00000000ebe80000,0x00000000ebe80000,0x00000000f1e00000)
  from space 4608K, 98% used [0x00000000f3680000,0x00000000f3aea970,0x00000000f3b00000)
  to   space 10240K, 0% used [0x00000000f3b00000,0x00000000f3b00000,0x00000000f4500000)
 ParOldGen       total 40960K, used 23370K [0x00000000c3c00000, 0x00000000c6400000, 0x00000000ebe80000)
  object space 40960K, 57% used [0x00000000c3c00000,0x00000000c52d28e0,0x00000000c6400000)
 PSPermGen       total 27648K, used 27492K [0x00000000b9600000, 0x00000000bb100000, 0x00000000c3c00000)
  object space 27648K, 99% used [0x00000000b9600000,0x00000000bb0d9108,0x00000000bb100000)
}
Event: 31,331 GC heap before
{Heap before GC invocations=10 (full 0):
 PSYoungGen      total 102400K, used 102314K [0x00000000ebe80000, 0x00000000f4500000, 0x0000000100000000)
  eden space 97792K, 100% used [0x00000000ebe80000,0x00000000f1e00000,0x00000000f1e00000)
  from space 4608K, 98% used [0x00000000f3680000,0x00000000f3aea970,0x00000000f3b00000)
  to   space 10240K, 0% used [0x00000000f3b00000,0x00000000f3b00000,0x00000000f4500000)
 ParOldGen       total 40960K, used 23370K [0x00000000c3c00000, 0x00000000c6400000, 0x00000000ebe80000)
  object space 40960K, 57% used [0x00000000c3c00000,0x00000000c52d28e0,0x00000000c6400000)
 PSPermGen       total 27648K, used 27493K [0x00000000b9600000, 0x00000000bb100000, 0x00000000c3c00000)
  object space 27648K, 99% used [0x00000000b9600000,0x00000000bb0d97e8,0x00000000bb100000)
Event: 31,353 GC heap after
Heap after GC invocations=10 (full 0):
 PSYoungGen      total 125440K, used 32K [0x00000000ebe80000, 0x00000000f6f80000, 0x0000000100000000)
  eden space 115200K, 0% used [0x00000000ebe80000,0x00000000ebe80000,0x00000000f2f00000)
  from space 10240K, 0% used [0x00000000f3b00000,0x00000000f3b08000,0x00000000f4500000)
  to   space 12288K, 0% used [0x00000000f2f00000,0x00000000f2f00000,0x00000000f3b00000)
 ParOldGen       total 40960K, used 27813K [0x00000000c3c00000, 0x00000000c6400000, 0x00000000ebe80000)
  object space 40960K, 67% used [0x00000000c3c00000,0x00000000c5729440,0x00000000c6400000)
 PSPermGen       total 27648K, used 27493K [0x00000000b9600000, 0x00000000bb100000, 0x00000000c3c00000)
  object space 27648K, 99% used [0x00000000b9600000,0x00000000bb0d97e8,0x00000000bb100000)
}
Event: 34,482 GC heap before
{Heap before GC invocations=11 (full 0):
 PSYoungGen      total 125440K, used 115232K [0x00000000ebe80000, 0x00000000f6f80000, 0x0000000100000000)
  eden space 115200K, 100% used [0x00000000ebe80000,0x00000000f2f00000,0x00000000f2f00000)
  from space 10240K, 0% used [0x00000000f3b00000,0x00000000f3b08000,0x00000000f4500000)
  to   space 12288K, 0% used [0x00000000f2f00000,0x00000000f2f00000,0x00000000f3b00000)
 ParOldGen       total 40960K, used 27813K [0x00000000c3c00000, 0x00000000c6400000, 0x00000000ebe80000)
  object space 40960K, 67% used [0x00000000c3c00000,0x00000000c5729440,0x00000000c6400000)
 PSPermGen       total 27648K, used 27493K [0x00000000b9600000, 0x00000000bb100000, 0x00000000c3c00000)
  object space 27648K, 99% used [0x00000000b9600000,0x00000000bb0d97e8,0x00000000bb100000)
Event: 34,485 GC heap after
Heap after GC invocations=11 (full 0):
 PSYoungGen      total 127488K, used 64K [0x00000000ebe80000, 0x00000000f8b80000, 0x0000000100000000)
  eden space 115200K, 0% used [0x00000000ebe80000,0x00000000ebe80000,0x00000000f2f00000)
  from space 12288K, 0% used [0x00000000f2f00000,0x00000000f2f10000,0x00000000f3b00000)
  to   space 12800K, 0% used [0x00000000f7f00000,0x00000000f7f00000,0x00000000f8b80000)
 ParOldGen       total 40960K, used 27829K [0x00000000c3c00000, 0x00000000c6400000, 0x00000000ebe80000)
  object space 40960K, 67% used [0x00000000c3c00000,0x00000000c572d440,0x00000000c6400000)
 PSPermGen       total 27648K, used 27493K [0x00000000b9600000, 0x00000000bb100000, 0x00000000c3c00000)
  object space 27648K, 99% used [0x00000000b9600000,0x00000000bb0d97e8,0x00000000bb100000)
}

