# JRE version: OpenJDK Runtime Environment (7.0_79-b14) (build 1.7.0_79-b14)
# Java VM: OpenJDK 64-Bit Server VM (24.79-b02 mixed mode linux-amd64 compressed oops)
Heap
 PSYoungGen      total 133120K, used 14645K [0x00000000ebe80000, 0x00000000f5700000, 0x0000000100000000)
  eden space 121856K, 11% used [0x00000000ebe80000,0x00000000eccbd4c0,0x00000000f3580000)
  from space 11264K, 0% used [0x00000000f4100000,0x00000000f4110000,0x00000000f4c00000)
  to   space 10752K, 0% used [0x00000000f4c80000,0x00000000f4c80000,0x00000000f5700000)
 ParOldGen       total 40960K, used 28207K [0x00000000c3c00000, 0x00000000c6400000, 0x00000000ebe80000)
  object space 40960K, 68% used [0x00000000c3c00000,0x00000000c578bfc8,0x00000000c6400000)
 PSPermGen       total 27648K, used 27525K [0x00000000b9600000, 0x00000000bb100000, 0x00000000c3c00000)
  object space 27648K, 99% used [0x00000000b9600000,0x00000000bb0e1678,0x00000000bb100000)
GC Heap History (10 events):
Event: 69,379 GC heap before
{Heap before GC invocations=16 (full 0):
 PSYoungGen      total 159744K, used 159264K [0x00000000ebe80000, 0x00000000f7a00000, 0x0000000100000000)
  eden space 159232K, 100% used [0x00000000ebe80000,0x00000000f5a00000,0x00000000f5a00000)
  from space 512K, 6% used [0x00000000f6100000,0x00000000f6108000,0x00000000f6180000)
  to   space 13312K, 0% used [0x00000000f6d00000,0x00000000f6d00000,0x00000000f7a00000)
 ParOldGen       total 40960K, used 28175K [0x00000000c3c00000, 0x00000000c6400000, 0x00000000ebe80000)
  object space 40960K, 68% used [0x00000000c3c00000,0x00000000c5783fc8,0x00000000c6400000)
 PSPermGen       total 27648K, used 27497K [0x00000000b9600000, 0x00000000bb100000, 0x00000000c3c00000)
  object space 27648K, 99% used [0x00000000b9600000,0x00000000bb0da620,0x00000000bb100000)
Event: 69,386 GC heap after
Heap after GC invocations=16 (full 0):
 PSYoungGen      total 152576K, used 32K [0x00000000ebe80000, 0x00000000f6d80000, 0x0000000100000000)
  eden space 152064K, 0% used [0x00000000ebe80000,0x00000000ebe80000,0x00000000f5300000)
  from space 512K, 6% used [0x00000000f6d00000,0x00000000f6d08000,0x00000000f6d80000)
  to   space 12800K, 0% used [0x00000000f5480000,0x00000000f5480000,0x00000000f6100000)
 ParOldGen       total 40960K, used 28175K [0x00000000c3c00000, 0x00000000c6400000, 0x00000000ebe80000)
  object space 40960K, 68% used [0x00000000c3c00000,0x00000000c5783fc8,0x00000000c6400000)
 PSPermGen       total 27648K, used 27497K [0x00000000b9600000, 0x00000000bb100000, 0x00000000c3c00000)
  object space 27648K, 99% used [0x00000000b9600000,0x00000000bb0da620,0x00000000bb100000)
}
Event: 74,625 GC heap before
{Heap before GC invocations=17 (full 0):
 PSYoungGen      total 152576K, used 152096K [0x00000000ebe80000, 0x00000000f6d80000, 0x0000000100000000)
  eden space 152064K, 100% used [0x00000000ebe80000,0x00000000f5300000,0x00000000f5300000)
  from space 512K, 6% used [0x00000000f6d00000,0x00000000f6d08000,0x00000000f6d80000)
  to   space 12800K, 0% used [0x00000000f5480000,0x00000000f5480000,0x00000000f6100000)
 ParOldGen       total 40960K, used 28175K [0x00000000c3c00000, 0x00000000c6400000, 0x00000000ebe80000)
  object space 40960K, 68% used [0x00000000c3c00000,0x00000000c5783fc8,0x00000000c6400000)
 PSPermGen       total 27648K, used 27497K [0x00000000b9600000, 0x00000000bb100000, 0x00000000c3c00000)
  object space 27648K, 99% used [0x00000000b9600000,0x00000000bb0da620,0x00000000bb100000)
Event: 74,629 GC heap after
Heap after GC invocations=17 (full 0):
 PSYoungGen      total 158208K, used 32K [0x00000000ebe80000, 0x00000000f6d80000, 0x0000000100000000)
  eden space 145408K, 0% used [0x00000000ebe80000,0x00000000ebe80000,0x00000000f4c80000)
  from space 12800K, 0% used [0x00000000f5480000,0x00000000f5488000,0x00000000f6100000)
  to   space 12288K, 0% used [0x00000000f6180000,0x00000000f6180000,0x00000000f6d80000)
 ParOldGen       total 40960K, used 28175K [0x00000000c3c00000, 0x00000000c6400000, 0x00000000ebe80000)
  object space 40960K, 68% used [0x00000000c3c00000,0x00000000c5783fc8,0x00000000c6400000)
 PSPermGen       total 27648K, used 27497K [0x00000000b9600000, 0x00000000bb100000, 0x00000000c3c00000)
  object space 27648K, 99% used [0x00000000b9600000,0x00000000bb0da620,0x00000000bb100000)
}
Event: 78,794 GC heap before
{Heap before GC invocations=18 (full 0):
 PSYoungGen      total 158208K, used 145440K [0x00000000ebe80000, 0x00000000f6d80000, 0x0000000100000000)
  eden space 145408K, 100% used [0x00000000ebe80000,0x00000000f4c80000,0x00000000f4c80000)
  from space 12800K, 0% used [0x00000000f5480000,0x00000000f5488000,0x00000000f6100000)
  to   space 12288K, 0% used [0x00000000f6180000,0x00000000f6180000,0x00000000f6d80000)
 ParOldGen       total 40960K, used 28175K [0x00000000c3c00000, 0x00000000c6400000, 0x00000000ebe80000)
  object space 40960K, 68% used [0x00000000c3c00000,0x00000000c5783fc8,0x00000000c6400000)
 PSPermGen       total 27648K, used 27506K [0x00000000b9600000, 0x00000000bb100000, 0x00000000c3c00000)
  object space 27648K, 99% used [0x00000000b9600000,0x00000000bb0dca50,0x00000000bb100000)
Event: 78,799 GC heap after
Heap after GC invocations=18 (full 0):
 PSYoungGen      total 139776K, used 32K [0x00000000ebe80000, 0x00000000f6200000, 0x0000000100000000)
  eden space 139264K, 0% used [0x00000000ebe80000,0x00000000ebe80000,0x00000000f4680000)
  from space 512K, 6% used [0x00000000f6180000,0x00000000f6188000,0x00000000f6200000)
  to   space 11776K, 0% used [0x00000000f4b00000,0x00000000f4b00000,0x00000000f5680000)
 ParOldGen       total 40960K, used 28175K [0x00000000c3c00000, 0x00000000c6400000, 0x00000000ebe80000)
  object space 40960K, 68% used [0x00000000c3c00000,0x00000000c5783fc8,0x00000000c6400000)
 PSPermGen       total 27648K, used 27506K [0x00000000b9600000, 0x00000000bb100000, 0x00000000c3c00000)
  object space 27648K, 99% used [0x00000000b9600000,0x00000000bb0dca50,0x00000000bb100000)
}
Event: 82,056 GC heap before
{Heap before GC invocations=19 (full 0):
 PSYoungGen      total 139776K, used 139296K [0x00000000ebe80000, 0x00000000f6200000, 0x0000000100000000)
  eden space 139264K, 100% used [0x00000000ebe80000,0x00000000f4680000,0x00000000f4680000)
  from space 512K, 6% used [0x00000000f6180000,0x00000000f6188000,0x00000000f6200000)
  to   space 11776K, 0% used [0x00000000f4b00000,0x00000000f4b00000,0x00000000f5680000)
 ParOldGen       total 40960K, used 28175K [0x00000000c3c00000, 0x00000000c6400000, 0x00000000ebe80000)
  object space 40960K, 68% used [0x00000000c3c00000,0x00000000c5783fc8,0x00000000c6400000)
 PSPermGen       total 27648K, used 27525K [0x00000000b9600000, 0x00000000bb100000, 0x00000000c3c00000)
  object space 27648K, 99% used [0x00000000b9600000,0x00000000bb0e1678,0x00000000bb100000)
Event: 82,057 GC heap after
Heap after GC invocations=19 (full 0):
 PSYoungGen      total 144896K, used 160K [0x00000000ebe80000, 0x00000000f6200000, 0x0000000100000000)
  eden space 133120K, 0% used [0x00000000ebe80000,0x00000000ebe80000,0x00000000f4080000)
  from space 11776K, 1% used [0x00000000f4b00000,0x00000000f4b28000,0x00000000f5680000)
  to   space 11776K, 0% used [0x00000000f5680000,0x00000000f5680000,0x00000000f6200000)
 ParOldGen       total 40960K, used 28183K [0x00000000c3c00000, 0x00000000c6400000, 0x00000000ebe80000)
  object space 40960K, 68% used [0x00000000c3c00000,0x00000000c5785fc8,0x00000000c6400000)
 PSPermGen       total 27648K, used 27525K [0x00000000b9600000, 0x00000000bb100000, 0x00000000c3c00000)
  object space 27648K, 99% used [0x00000000b9600000,0x00000000bb0e1678,0x00000000bb100000)
}
Event: 82,198 GC heap before
{Heap before GC invocations=20 (full 0):
 PSYoungGen      total 144896K, used 133280K [0x00000000ebe80000, 0x00000000f6200000, 0x0000000100000000)
  eden space 133120K, 100% used [0x00000000ebe80000,0x00000000f4080000,0x00000000f4080000)
  from space 11776K, 1% used [0x00000000f4b00000,0x00000000f4b28000,0x00000000f5680000)
  to   space 11776K, 0% used [0x00000000f5680000,0x00000000f5680000,0x00000000f6200000)
 ParOldGen       total 40960K, used 28183K [0x00000000c3c00000, 0x00000000c6400000, 0x00000000ebe80000)
  object space 40960K, 68% used [0x00000000c3c00000,0x00000000c5785fc8,0x00000000c6400000)
 PSPermGen       total 27648K, used 27525K [0x00000000b9600000, 0x00000000bb100000, 0x00000000c3c00000)
  object space 27648K, 99% used [0x00000000b9600000,0x00000000bb0e1678,0x00000000bb100000)
Event: 82,201 GC heap after
Heap after GC invocations=20 (full 0):
 PSYoungGen      total 128000K, used 64K [0x00000000ebe80000, 0x00000000f5700000, 0x0000000100000000)
  eden space 127488K, 0% used [0x00000000ebe80000,0x00000000ebe80000,0x00000000f3b00000)
  from space 512K, 12% used [0x00000000f5680000,0x00000000f5690000,0x00000000f5700000)
  to   space 11264K, 0% used [0x00000000f4100000,0x00000000f4100000,0x00000000f4c00000)
 ParOldGen       total 40960K, used 28199K [0x00000000c3c00000, 0x00000000c6400000, 0x00000000ebe80000)
  object space 40960K, 68% used [0x00000000c3c00000,0x00000000c5789fc8,0x00000000c6400000)
 PSPermGen       total 27648K, used 27525K [0x00000000b9600000, 0x00000000bb100000, 0x00000000c3c00000)
  object space 27648K, 99% used [0x00000000b9600000,0x00000000bb0e1678,0x00000000bb100000)
}

